<?xml version="1.0" encoding="UTF-8"?>
<testsuite name="edu.jsu.mcis.TicTacToeTest" tests="13" skipped="0" failures="0" errors="0" timestamp="2017-01-22T04:34:17" hostname="Joel" time="0.028">
  <properties/>
  <testcase name="testGameIsWonByXDiagonallyFromTopLeftToBottomRight" classname="edu.jsu.mcis.TicTacToeTest" time="0.005"/>
  <testcase name="testXWinDiagonallyOn5x5Board" classname="edu.jsu.mcis.TicTacToeTest" time="0.0"/>
  <testcase name="testGameIsOverByTieIfAllLocationsAreFilled" classname="edu.jsu.mcis.TicTacToeTest" time="0.001"/>
  <testcase name="testGameIsWonByOWithFirstCol" classname="edu.jsu.mcis.TicTacToeTest" time="0.0"/>
  <testcase name="testGameIsWonByXHorizontallyAcrossTopRow" classname="edu.jsu.mcis.TicTacToeTest" time="0.0"/>
  <testcase name="testOutOfBoundsMark" classname="edu.jsu.mcis.TicTacToeTest" time="0.0"/>
  <testcase name="testInvalidKeyboardInput" classname="edu.jsu.mcis.TicTacToeTest" time="0.018"/>
  <testcase name="testMarkXInUpperRightCorner" classname="edu.jsu.mcis.TicTacToeTest" time="0.0"/>
  <testcase name="testGridSizeFromKeyboardInput" classname="edu.jsu.mcis.TicTacToeTest" time="0.001"/>
  <testcase name="testMarkOInBottomLeftCorner" classname="edu.jsu.mcis.TicTacToeTest" time="0.0"/>
  <testcase name="testInitialBoardIsEmpty" classname="edu.jsu.mcis.TicTacToeTest" time="0.0"/>
  <testcase name="testGameIsNotOverAfterTheFirstMark" classname="edu.jsu.mcis.TicTacToeTest" time="0.0"/>
  <testcase name="testUnableToMarkOverExistingMark" classname="edu.jsu.mcis.TicTacToeTest" time="0.0"/>
  <system-out><![CDATA[Entered location already marked or out of bounds.
Entered location already marked or out of bounds.
Entered location already marked or out of bounds.
Entered location already marked or out of bounds.
Entered location already marked or out of bounds.
Entered location already marked or out of bounds.
Entered location already marked or out of bounds.
Entered location already marked or out of bounds.
Entered location already marked or out of bounds.
Entered location already marked or out of bounds.
Entered location already marked or out of bounds.
Please enter an odd integer N (3 <= N <= 9, N % 2 == 1): 
Invalid input. Please enter numeric values. 
Please enter an odd integer N (3 <= N <= 9, N % 2 == 1): 
Invalid input. Please enter numeric values. 
]]></system-out>
  <system-err><![CDATA[]]></system-err>
</testsuite>
